<?xml version="1.0" encoding="UTF-8"?>
<!-- Generated by org.testng.reporters.JUnitReportReporter -->
<testsuite skipped="0" hostname="Vishaal-PC" name="samplePackage.FirstMavenClass" tests="1" failures="0" timestamp="08 Mar 2020 06:04:11 GMT" time="14.686" errors="0">
  <testcase name="test1" time="14.686" classname="samplePackage.FirstMavenClass"/>
</testsuite> <!-- samplePackage.FirstMavenClass -->
