<?xml version="1.0" encoding="UTF-8"?>
<!-- Generated by org.testng.reporters.JUnitReportReporter -->
<testsuite skipped="0" hostname="Vishaal-PC" name="samplePackage.SecondMavenProgram" tests="1" failures="0" timestamp="08 Mar 2020 06:04:11 GMT" time="0.001" errors="0">
  <testcase name="test2" time="0.001" classname="samplePackage.SecondMavenProgram"/>
</testsuite> <!-- samplePackage.SecondMavenProgram -->
